[INFO] Scanning for projects...
[INFO] 
[INFO] ---------------------------< com.shms:shms >----------------------------
[INFO] Building shms 0.0.1-SNAPSHOT
[INFO]   from pom.xml
[INFO] --------------------------------[ jar ]---------------------------------
[INFO] 
[INFO] >>> spring-boot:4.0.5:run (default-cli) > test-compile @ shms >>>
[INFO] 
[INFO] --- resources:3.3.1:resources (default-resources) @ shms ---
[INFO] Copying 1 resource from src/main/resources to target/classes
[INFO] Copying 0 resource from src/main/resources to target/classes
[INFO] 
[INFO] --- compiler:3.14.1:compile (default-compile) @ shms ---
[INFO] Nothing to compile - all classes are up to date.
[INFO] 
[INFO] --- resources:3.3.1:testResources (default-testResources) @ shms ---
[INFO] skip non existing resourceDirectory /Users/vishnuvardhanchundu/Desktop/SHMS/src/test/resources
[INFO] 
[INFO] --- compiler:3.14.1:testCompile (default-testCompile) @ shms ---
[INFO] Nothing to compile - all classes are up to date.
[INFO] 
[INFO] <<< spring-boot:4.0.5:run (default-cli) < test-compile @ shms <<<
[INFO] 
[INFO] 
[INFO] --- spring-boot:4.0.5:run (default-cli) @ shms ---
[INFO] Attaching agents: []

  .   ____          _            __ _ _
 /\\ / ___'_ __ _ _(_)_ __  __ _ \ \ \ \
( ( )\___ | '_ | '_| | '_ \/ _` | \ \ \ \
 \\/  ___)| |_)| | | | | || (_| |  ) ) ) )
  '  |____| .__|_| |_|_| |_\__, | / / / /
 =========|_|==============|___/=/_/_/_/

 :: Spring Boot ::                (v4.0.5)

2026-04-06T11:41:38.385+05:30  INFO 78587 --- [shms] [           main] com.shms.ShmsApplication                 : Starting ShmsApplication using Java 25.0.2 with PID 78587 (/Users/vishnuvardhanchundu/Desktop/SHMS/target/classes started by vishnuvardhanchundu in /Users/vishnuvardhanchundu/Desktop/SHMS)
2026-04-06T11:41:38.386+05:30  INFO 78587 --- [shms] [           main] com.shms.ShmsApplication                 : No active profile set, falling back to 1 default profile: "default"
2026-04-06T11:41:38.671+05:30  INFO 78587 --- [shms] [           main] .s.d.r.c.RepositoryConfigurationDelegate : Bootstrapping Spring Data MongoDB repositories in DEFAULT mode.
2026-04-06T11:41:38.699+05:30  INFO 78587 --- [shms] [           main] .s.d.r.c.RepositoryConfigurationDelegate : Finished Spring Data repository scanning in 26 ms. Found 12 MongoDB repository interfaces.
2026-04-06T11:41:38.903+05:30  INFO 78587 --- [shms] [           main] o.s.boot.tomcat.TomcatWebServer          : Tomcat initialized with port 8080 (http)
2026-04-06T11:41:38.909+05:30  INFO 78587 --- [shms] [           main] o.apache.catalina.core.StandardService   : Starting service [Tomcat]
2026-04-06T11:41:38.909+05:30  INFO 78587 --- [shms] [           main] o.apache.catalina.core.StandardEngine    : Starting Servlet engine: [Apache Tomcat/11.0.20]
2026-04-06T11:41:38.928+05:30  INFO 78587 --- [shms] [           main] b.w.c.s.WebApplicationContextInitializer : Root WebApplicationContext: initialization completed in 518 ms
2026-04-06T11:41:38.942+05:30  INFO 78587 --- [shms] [           main] com.shms.core.config.MongoConfig         : Bypassing Spring Boot AutoConfiguration! Manually mapping MongoClient exclusively against properties bound URI.
2026-04-06T11:41:38.998+05:30  INFO 78587 --- [shms] [bw9.mongodb.net] org.mongodb.driver.cluster               : Adding discovered server ac-pbkub2w-shard-00-02.kze2bw9.mongodb.net:27017 to client view of cluster
2026-04-06T11:41:39.001+05:30  INFO 78587 --- [shms] [           main] org.mongodb.driver.client                : MongoClient with metadata {"application": {"name": "Cluster0"}, "driver": {"name": "mongo-java-driver|sync", "version": "5.6.4"}, "os": {"type": "Darwin", "name": "Mac OS X", "architecture": "aarch64", "version": "26.3"}, "platform": "Java/Eclipse Adoptium/25.0.2+10-LTS"} created with settings MongoClientSettings{readPreference=primary, writeConcern=WriteConcern{w=null, wTimeout=null ms, journal=null}, retryWrites=true, retryReads=true, readConcern=ReadConcern{level=null}, credential=MongoCredential{mechanism=null, userName='admin', source='admin', password=<hidden>, mechanismProperties=<hidden>}, transportSettings=null, commandListeners=[], codecRegistry=ProvidersCodecRegistry{codecProviders=[ValueCodecProvider{}, BsonValueCodecProvider{}, DBRefCodecProvider{}, DBObjectCodecProvider{}, DocumentCodecProvider{}, CollectionCodecProvider{}, IterableCodecProvider{}, MapCodecProvider{}, GeoJsonCodecProvider{}, GridFSFileCodecProvider{}, Jsr310CodecProvider{}, JsonObjectCodecProvider{}, BsonCodecProvider{}, com.mongodb.client.model.mql.ExpressionCodecProvider@5ec6fede, com.mongodb.Jep395RecordCodecProvider@580902cd, com.mongodb.KotlinCodecProvider@3757e8e2, EnumCodecProvider{}]}, loggerSettings=LoggerSettings{maxDocumentLength=1000}, clusterSettings={hosts=[127.0.0.1:27017], srvHost=cluster0.kze2bw9.mongodb.net, srvServiceName=mongodb, mode=MULTIPLE, requiredClusterType=REPLICA_SET, requiredReplicaSetName='atlas-e98bmt-shard-0', serverSelector='null', clusterListeners='[]', serverSelectionTimeout='30000 ms', localThreshold='15 ms'}, socketSettings=SocketSettings{connectTimeoutMS=10000, readTimeoutMS=0, receiveBufferSize=0, proxySettings=ProxySettings{host=null, port=null, username=null, password=null}}, heartbeatSocketSettings=SocketSettings{connectTimeoutMS=10000, readTimeoutMS=10000, receiveBufferSize=0, proxySettings=ProxySettings{host=null, port=null, username=null, password=null}}, connectionPoolSettings=ConnectionPoolSettings{maxSize=100, minSize=0, maxWaitTimeMS=120000, maxConnectionLifeTimeMS=0, maxConnectionIdleTimeMS=0, maintenanceInitialDelayMS=0, maintenanceFrequencyMS=60000, connectionPoolListeners=[], maxConnecting=2}, serverSettings=ServerSettings{heartbeatFrequencyMS=10000, minHeartbeatFrequencyMS=500, serverMonitoringMode=AUTO, serverListeners='[]', serverMonitorListeners='[]'}, sslSettings=SslSettings{enabled=true, invalidHostNameAllowed=false, context=null}, applicationName='Cluster0', compressorList=[], uuidRepresentation=UNSPECIFIED, serverApi=null, autoEncryptionSettings=null, dnsClient=null, inetAddressResolver=null, contextProvider=null, timeoutMS=null}
2026-04-06T11:41:39.005+05:30  INFO 78587 --- [shms] [bw9.mongodb.net] org.mongodb.driver.cluster               : Adding discovered server ac-pbkub2w-shard-00-01.kze2bw9.mongodb.net:27017 to client view of cluster
2026-04-06T11:41:39.005+05:30  INFO 78587 --- [shms] [bw9.mongodb.net] org.mongodb.driver.cluster               : Adding discovered server ac-pbkub2w-shard-00-00.kze2bw9.mongodb.net:27017 to client view of cluster
2026-04-06T11:41:39.311+05:30  INFO 78587 --- [shms] [ngodb.net:27017] org.mongodb.driver.cluster               : Monitor thread successfully connected to server with description ServerDescription{address=ac-pbkub2w-shard-00-01.kze2bw9.mongodb.net:27017, type=REPLICA_SET_SECONDARY, cryptd=false, state=CONNECTED, ok=true, minWireVersion=0, maxWireVersion=25, maxDocumentSize=16777216, logicalSessionTimeoutMinutes=30, roundTripTimeNanos=187182333, minRoundTripTimeNanos=0, setName='atlas-e98bmt-shard-0', canonicalAddress=ac-pbkub2w-shard-00-01.kze2bw9.mongodb.net:27017, hosts=[ac-pbkub2w-shard-00-00.kze2bw9.mongodb.net:27017, ac-pbkub2w-shard-00-01.kze2bw9.mongodb.net:27017, ac-pbkub2w-shard-00-02.kze2bw9.mongodb.net:27017], passives=[], arbiters=[], primary='ac-pbkub2w-shard-00-02.kze2bw9.mongodb.net:27017', tagSet=TagSet{[Tag{name='availabilityZone', value='aps1-az3'}, Tag{name='diskState', value='READY'}, Tag{name='nodeType', value='ELECTABLE'}, Tag{name='provider', value='AWS'}, Tag{name='region', value='AP_SOUTH_1'}, Tag{name='workloadType', value='OPERATIONAL'}]}, electionId=null, setVersion=371, topologyVersion=TopologyVersion{processId=69cfdf33a562fcdfd3664cbf, counter=3}, lastWriteDate=Mon Apr 06 11:41:39 IST 2026, lastUpdateTimeNanos=275335043297291}
2026-04-06T11:41:39.312+05:30  INFO 78587 --- [shms] [ngodb.net:27017] org.mongodb.driver.cluster               : Monitor thread successfully connected to server with description ServerDescription{address=ac-pbkub2w-shard-00-00.kze2bw9.mongodb.net:27017, type=REPLICA_SET_SECONDARY, cryptd=false, state=CONNECTED, ok=true, minWireVersion=0, maxWireVersion=25, maxDocumentSize=16777216, logicalSessionTimeoutMinutes=30, roundTripTimeNanos=187168084, minRoundTripTimeNanos=0, setName='atlas-e98bmt-shard-0', canonicalAddress=ac-pbkub2w-shard-00-00.kze2bw9.mongodb.net:27017, hosts=[ac-pbkub2w-shard-00-00.kze2bw9.mongodb.net:27017, ac-pbkub2w-shard-00-01.kze2bw9.mongodb.net:27017, ac-pbkub2w-shard-00-02.kze2bw9.mongodb.net:27017], passives=[], arbiters=[], primary='ac-pbkub2w-shard-00-02.kze2bw9.mongodb.net:27017', tagSet=TagSet{[Tag{name='availabilityZone', value='aps1-az1'}, Tag{name='diskState', value='READY'}, Tag{name='nodeType', value='ELECTABLE'}, Tag{name='provider', value='AWS'}, Tag{name='region', value='AP_SOUTH_1'}, Tag{name='workloadType', value='OPERATIONAL'}]}, electionId=null, setVersion=371, topologyVersion=TopologyVersion{processId=69cfd8b94591735028078b30, counter=4}, lastWriteDate=Mon Apr 06 11:41:39 IST 2026, lastUpdateTimeNanos=275335043285375}
2026-04-06T11:41:39.311+05:30  INFO 78587 --- [shms] [ngodb.net:27017] org.mongodb.driver.cluster               : Monitor thread successfully connected to server with description ServerDescription{address=ac-pbkub2w-shard-00-02.kze2bw9.mongodb.net:27017, type=REPLICA_SET_PRIMARY, cryptd=false, state=CONNECTED, ok=true, minWireVersion=0, maxWireVersion=25, maxDocumentSize=16777216, logicalSessionTimeoutMinutes=30, roundTripTimeNanos=187168167, minRoundTripTimeNanos=0, setName='atlas-e98bmt-shard-0', canonicalAddress=ac-pbkub2w-shard-00-02.kze2bw9.mongodb.net:27017, hosts=[ac-pbkub2w-shard-00-00.kze2bw9.mongodb.net:27017, ac-pbkub2w-shard-00-01.kze2bw9.mongodb.net:27017, ac-pbkub2w-shard-00-02.kze2bw9.mongodb.net:27017], passives=[], arbiters=[], primary='ac-pbkub2w-shard-00-02.kze2bw9.mongodb.net:27017', tagSet=TagSet{[Tag{name='availabilityZone', value='aps1-az2'}, Tag{name='diskState', value='READY'}, Tag{name='nodeType', value='ELECTABLE'}, Tag{name='provider', value='AWS'}, Tag{name='region', value='AP_SOUTH_1'}, Tag{name='workloadType', value='OPERATIONAL'}]}, electionId=7fffffff000000000000015a, setVersion=371, topologyVersion=TopologyVersion{processId=69cfdc8bd0c647a0a1cc7cc1, counter=6}, lastWriteDate=Mon Apr 06 11:41:39 IST 2026, lastUpdateTimeNanos=275335043285375}
2026-04-06T11:41:39.313+05:30  INFO 78587 --- [shms] [ngodb.net:27017] org.mongodb.driver.cluster               : Discovered replica set primary ac-pbkub2w-shard-00-02.kze2bw9.mongodb.net:27017 with max election id 7fffffff000000000000015a and max set version 371
2026-04-06T11:41:39.361+05:30  INFO 78587 --- [shms] [           main] eAuthenticationProviderManagerConfigurer : Global AuthenticationManager configured with AuthenticationProvider bean with name authenticationProvider
2026-04-06T11:41:39.361+05:30  WARN 78587 --- [shms] [           main] r$InitializeUserDetailsManagerConfigurer : Global AuthenticationManager configured with an AuthenticationProvider bean. UserDetailsService beans will not be used by Spring Security for automatically configuring username/password login. Consider removing the AuthenticationProvider bean. Alternatively, consider using the UserDetailsService in a manually instantiated DaoAuthenticationProvider. If the current configuration is intentional, to turn off this warning, increase the logging level of 'org.springframework.security.config.annotation.authentication.configuration.InitializeUserDetailsBeanManagerConfigurer' to ERROR
2026-04-06T11:41:39.645+05:30  INFO 78587 --- [shms] [           main] o.s.boot.tomcat.TomcatWebServer          : Tomcat started on port 8080 (http) with context path '/'
2026-04-06T11:41:39.647+05:30  INFO 78587 --- [shms] [           main] com.shms.ShmsApplication                 : Started ShmsApplication in 1.409 seconds (process running for 1.557)
2026-04-06T11:41:39.648+05:30  INFO 78587 --- [shms] [           main] com.shms.core.config.DataInitializer     : Checking for missing SHMS mock test accounts explicitly...
2026-04-06T11:41:40.101+05:30  INFO 78587 --- [shms] [           main] com.shms.core.config.DataInitializer     : Created missing mock account inherently: admin_test
2026-04-06T11:41:40.164+05:30  INFO 78587 --- [shms] [           main] com.shms.core.config.DataInitializer     : Created missing mock account inherently: chairman_test
2026-04-06T11:41:40.230+05:30  INFO 78587 --- [shms] [           main] com.shms.core.config.DataInitializer     : Created missing mock account inherently: warden_test
2026-04-06T11:41:40.294+05:30  INFO 78587 --- [shms] [           main] com.shms.core.config.DataInitializer     : Created missing mock account inherently: controlling_warden
2026-04-06T11:41:40.357+05:30  INFO 78587 --- [shms] [           main] com.shms.core.config.DataInitializer     : Created missing mock account inherently: mess_manager
2026-04-06T11:41:40.420+05:30  INFO 78587 --- [shms] [           main] com.shms.core.config.DataInitializer     : Created missing mock account inherently: clerk_test
2026-04-06T11:41:40.485+05:30  INFO 78587 --- [shms] [           main] com.shms.core.config.DataInitializer     : Created missing mock account inherently: student_test
2026-04-06T11:41:42.383+05:30  INFO 78587 --- [shms] [           main] com.shms.core.config.DataInitializer     : Injected Native Physical Infrastructure mapping 20 structurally valid Rooms and Students bound to HALL-A!
2026-04-06T11:41:42.480+05:30  INFO 78587 --- [shms] [           main] com.shms.core.config.DataInitializer     : Mock Staff records configured binding securely to HALL-A logic.
2026-04-06T11:41:42.553+05:30  INFO 78587 --- [shms] [           main] com.shms.core.config.DataInitializer     : Injected Master Grant tracking executing explicitly testing mathematical visualization bounds!
2026-04-06T11:41:42.554+05:30  INFO 78587 --- [shms] [           main] com.shms.core.config.DataInitializer     : Test mapping instantiation completed structurally!
2026-04-06T11:42:23.689+05:30  INFO 78587 --- [shms] [nio-8080-exec-1] o.a.c.c.C.[Tomcat].[localhost].[/]       : Initializing Spring DispatcherServlet 'dispatcherServlet'
2026-04-06T11:42:23.689+05:30  INFO 78587 --- [shms] [nio-8080-exec-1] o.s.web.servlet.DispatcherServlet        : Initializing Servlet 'dispatcherServlet'
2026-04-06T11:42:23.692+05:30  INFO 78587 --- [shms] [nio-8080-exec-1] o.s.web.servlet.DispatcherServlet        : Completed initialization in 3 ms
[INFO] ------------------------------------------------------------------------
[INFO] BUILD FAILURE
[INFO] ------------------------------------------------------------------------
[INFO] Total time:  06:05 min
[INFO] Finished at: 2026-04-06T11:47:42+05:30
[INFO] ------------------------------------------------------------------------
[ERROR] Failed to execute goal org.springframework.boot:spring-boot-maven-plugin:4.0.5:run (default-cli) on project shms: Process terminated with exit code: 137 -> [Help 1]
[ERROR] 
[ERROR] To see the full stack trace of the errors, re-run Maven with the -e switch.
[ERROR] Re-run Maven using the -X switch to enable full debug logging.
[ERROR] 
[ERROR] For more information about the errors and possible solutions, please read the following articles:
[ERROR] [Help 1] http://cwiki.apache.org/confluence/display/MAVEN/MojoExecutionException
